Using pre-set license
Built from '2021.3/staging' branch; Version is '2021.3.21f1 (1b156197d683) revision 1774945'; Using compiler version '192829333'; Build Type 'Release'
OS: 'Windows 11  (10.0.22621) 64bit CoreSingleLanguage' Language: 'en' Physical Memory: 16106 MB
BatchMode: 1, IsHumanControllingUs: 0, StartBugReporterOnCrash: 0, Is64bit: 1, IsPro: 1

COMMAND LINE ARGUMENTS:
E:\CyberMaze\Unity\2021.3.21f1\Editor\Unity.exe
-adb2
-batchMode
-noUpm
-name
AssetImportWorker0
-projectPath
E:/CyberMaze/Unity/Projects/Project1
-logFile
Logs/AssetImportWorker0.log
-srvPort
63302
Successfully changed project path to: E:/CyberMaze/Unity/Projects/Project1
E:/CyberMaze/Unity/Projects/Project1
[UnityMemory] Configuration Parameters - Can be set up in boot.config
    "memorysetup-bucket-allocator-granularity=16"
    "memorysetup-bucket-allocator-bucket-count=8"
    "memorysetup-bucket-allocator-block-size=33554432"
    "memorysetup-bucket-allocator-block-count=8"
    "memorysetup-main-allocator-block-size=16777216"
    "memorysetup-thread-allocator-block-size=16777216"
    "memorysetup-gfx-main-allocator-block-size=16777216"
    "memorysetup-gfx-thread-allocator-block-size=16777216"
    "memorysetup-cache-allocator-block-size=4194304"
    "memorysetup-typetree-allocator-block-size=2097152"
    "memorysetup-profiler-bucket-allocator-granularity=16"
    "memorysetup-profiler-bucket-allocator-bucket-count=8"
    "memorysetup-profiler-bucket-allocator-block-size=33554432"
    "memorysetup-profiler-bucket-allocator-block-count=8"
    "memorysetup-profiler-allocator-block-size=16777216"
    "memorysetup-profiler-editor-allocator-block-size=1048576"
    "memorysetup-temp-allocator-size-main=16777216"
    "memorysetup-job-temp-allocator-block-size=2097152"
    "memorysetup-job-temp-allocator-block-size-background=1048576"
    "memorysetup-job-temp-allocator-reduction-small-platforms=262144"
    "memorysetup-temp-allocator-size-background-worker=32768"
    "memorysetup-temp-allocator-size-job-worker=262144"
    "memorysetup-temp-allocator-size-preload-manager=33554432"
    "memorysetup-temp-allocator-size-nav-mesh-worker=65536"
    "memorysetup-temp-allocator-size-audio-worker=65536"
    "memorysetup-temp-allocator-size-cloud-worker=32768"
    "memorysetup-temp-allocator-size-gi-baking-worker=262144"
    "memorysetup-temp-allocator-size-gfx=262144"
Player connection [19404] Host "[IP] 192.168.56.1 [Port] 0 [Flags] 2 [Guid] 1152724139 [EditorId] 1152724139 [Version] 1048832 [Id] WindowsEditor(7,DESKTOP-KV5ET8D) [Debug] 1 [PackageName] WindowsEditor [ProjectName] Editor" joined multi-casting on [225.0.0.222:54997]...

Player connection [19404] Host "[IP] 192.168.56.1 [Port] 0 [Flags] 2 [Guid] 1152724139 [EditorId] 1152724139 [Version] 1048832 [Id] WindowsEditor(7,DESKTOP-KV5ET8D) [Debug] 1 [PackageName] WindowsEditor [ProjectName] Editor" joined alternative multi-casting on [225.0.0.222:34997]...

Refreshing native plugins compatible for Editor in 74.52 ms, found 3 plugins.
Preloading 0 native plugins for Editor in 0.00 ms.
Initialize engine version: 2021.3.21f1 (1b156197d683)
[Subsystems] Discovering subsystems at path E:/CyberMaze/Unity/2021.3.21f1/Editor/Data/Resources/UnitySubsystems
[Subsystems] Discovering subsystems at path E:/CyberMaze/Unity/Projects/Project1/Assets
GfxDevice: creating device client; threaded=0; jobified=0
Direct3D:
    Version:  Direct3D 11.0 [level 11.1]
    Renderer: NVIDIA GeForce MX330 (ID=0x1d16)
    Vendor:   NVIDIA
    VRAM:     1982 MB
    Driver:   31.0.15.2737
Initialize mono
Mono path[0] = 'E:/CyberMaze/Unity/2021.3.21f1/Editor/Data/Managed'
Mono path[1] = 'E:/CyberMaze/Unity/2021.3.21f1/Editor/Data/MonoBleedingEdge/lib/mono/unityjit-win32'
Mono config path = 'E:/CyberMaze/Unity/2021.3.21f1/Editor/Data/MonoBleedingEdge/etc'
Using monoOptions --debugger-agent=transport=dt_socket,embedding=1,server=y,suspend=n,address=127.0.0.1:56084
Begin MonoManager ReloadAssembly
Registering precompiled unity dll's ...
Register platform support module: E:/CyberMaze/Unity/2021.3.21f1/Editor/Data/PlaybackEngines/WebGLSupport/UnityEditor.WebGL.Extensions.dll
Register platform support module: E:/CyberMaze/Unity/2021.3.21f1/Editor/Data/PlaybackEngines/WindowsStandaloneSupport/UnityEditor.WindowsStandalone.Extensions.dll
Registered in 0.002097 seconds.
Native extension for WindowsStandalone target not found
Native extension for WebGL target not found
Refreshing native plugins compatible for Editor in 81.81 ms, found 3 plugins.
Preloading 0 native plugins for Editor in 0.00 ms.
Mono: successfully reloaded assembly
- Completed reload, in  0.673 seconds
Domain Reload Profiling:
	ReloadAssembly (673ms)
		BeginReloadAssembly (79ms)
			ExecutionOrderSort (0ms)
			DisableScriptedObjects (0ms)
			BackupInstance (0ms)
			ReleaseScriptingObjects (0ms)
			CreateAndSetChildDomain (1ms)
		EndReloadAssembly (501ms)
			LoadAssemblies (79ms)
			RebuildTransferFunctionScriptingTraits (0ms)
			SetupTypeCache (120ms)
			ReleaseScriptCaches (0ms)
			RebuildScriptCaches (31ms)
			SetupLoadedEditorAssemblies (295ms)
				LogAssemblyErrors (0ms)
				InitializePlatformSupportModulesInManaged (8ms)
				SetLoadedEditorAssemblies (1ms)
				RefreshPlugins (82ms)
				BeforeProcessingInitializeOnLoad (1ms)
				ProcessInitializeOnLoadAttributes (155ms)
				ProcessInitializeOnLoadMethodAttributes (48ms)
				AfterProcessingInitializeOnLoad (0ms)
				EditorAssembliesLoaded (0ms)
			ExecutionOrderSort2 (0ms)
			AwakeInstancesAfterBackupRestoration (0ms)
Platform modules already initialized, skipping
Registering precompiled user dll's ...
Registered in 0.002756 seconds.
Begin MonoManager ReloadAssembly
Symbol file LoadedFromMemory doesn't match image E:\CyberMaze\Unity\Projects\Project1\Library\PackageCache\com.unity.visualscripting@1.8.0\Editor\VisualScripting.Core\Dependencies\YamlDotNet\Unity.VisualScripting.YamlDotNet.dll
Symbol file LoadedFromMemory doesn't match image E:\CyberMaze\Unity\Projects\Project1\Library\PackageCache\com.unity.visualscripting@1.8.0\Editor\VisualScripting.Core\Dependencies\DotNetZip\Unity.VisualScripting.IonicZip.dll
Native extension for WindowsStandalone target not found
Native extension for WebGL target not found
Refreshing native plugins compatible for Editor in 0.67 ms, found 3 plugins.
Preloading 0 native plugins for Editor in 0.00 ms.
Mono: successfully reloaded assembly
- Completed reload, in  1.084 seconds
Domain Reload Profiling:
	ReloadAssembly (1085ms)
		BeginReloadAssembly (122ms)
			ExecutionOrderSort (0ms)
			DisableScriptedObjects (7ms)
			BackupInstance (0ms)
			ReleaseScriptingObjects (0ms)
			CreateAndSetChildDomain (21ms)
		EndReloadAssembly (844ms)
			LoadAssemblies (79ms)
			RebuildTransferFunctionScriptingTraits (0ms)
			SetupTypeCache (295ms)
			ReleaseScriptCaches (0ms)
			RebuildScriptCaches (48ms)
			SetupLoadedEditorAssemblies (374ms)
				LogAssemblyErrors (0ms)
				InitializePlatformSupportModulesInManaged (5ms)
				SetLoadedEditorAssemblies (0ms)
				RefreshPlugins (1ms)
				BeforeProcessingInitializeOnLoad (79ms)
				ProcessInitializeOnLoadAttributes (261ms)
				ProcessInitializeOnLoadMethodAttributes (24ms)
				AfterProcessingInitializeOnLoad (4ms)
				EditorAssembliesLoaded (0ms)
			ExecutionOrderSort2 (0ms)
			AwakeInstancesAfterBackupRestoration (9ms)
Platform modules already initialized, skipping
========================================================================
Worker process is ready to serve import requests
Launched and connected shader compiler UnityShaderCompiler.exe after 0.04 seconds
Refreshing native plugins compatible for Editor in 1.40 ms, found 3 plugins.
Preloading 0 native plugins for Editor in 0.00 ms.
Unloading 3048 Unused Serialized files (Serialized files now loaded: 0)
Unloading 24 unused Assets / (113.8 KB). Loaded Objects now: 3509.
Memory consumption went from 108.0 MB to 107.9 MB.
Total: 5.429700 ms (FindLiveObjects: 0.386200 ms CreateObjectMapping: 0.262100 ms MarkObjects: 3.953500 ms  DeleteObjects: 0.826400 ms)

AssetImportParameters requested are different than current active one (requested -> active):
  custom:video-decoder-ogg-theora: a1e56fd34408186e4bbccfd4996cb3dc -> 
  custom:container-muxer-webm: aa71ff27fc2769a1b78a27578f13a17b -> 
  custom:container-demuxer-webm: 4f35f7cbe854078d1ac9338744f61a02 -> 
  custom:video-encoder-webm-vp8: eb34c28f22e8b96e1ab97ce403110664 -> 
  custom:video-codec-MediaFoundation-h265: 746d11721c4dcdbdad8f713fa42b33f4 -> 
  custom:audio-encoder-webm-vorbis: bf7c407c2cedff20999df2af8eb42d56 -> 
  custom:framework-win-MediaFoundation: 216162199b28c13a410421893ffa2e32 -> 
  custom:container-demuxer-ogg: 62fdf1f143b41e24485cea50d1cbac27 -> 
  custom:video-decoder-webm-vp8: 9c59270c3fd7afecdb556c50c9e8de78 -> 
  custom:audio-decoder-ogg-vorbis: bf7c407c2cedff20999df2af8eb42d56 -> 
========================================================================
Received Import Request.
  Time since last request: 264669.580836 seconds.
  path: Assets/Room/models/Materials/bookcasewood.000.mat
  artifactKey: Guid(f0bc49676924b91499f3019c87d25b1d) Importer(815301076,1909f56bfc062723c751e8b465ee728b)
Start importing Assets/Room/models/Materials/bookcasewood.000.mat using Guid(f0bc49676924b91499f3019c87d25b1d) Importer(815301076,1909f56bfc062723c751e8b465ee728b)  -> (artifact id: '140cbe2d3f10cd49c1c3558d73f3dca3') in 0.254392 seconds 
========================================================================
Received Import Request.
  Time since last request: 0.000029 seconds.
  path: Assets/Room/models/book.fbx
  artifactKey: Guid(4770919e9ec5899458cbe54c017216ac) Importer(815301076,1909f56bfc062723c751e8b465ee728b)
Start importing Assets/Room/models/book.fbx using Guid(4770919e9ec5899458cbe54c017216ac) Importer(815301076,1909f56bfc062723c751e8b465ee728b)  -> (artifact id: 'd43afbb7d1e3304debdf5e8c10c9877f') in 0.089165 seconds 
========================================================================
Received Import Request.
  Time since last request: 0.000045 seconds.
  path: Assets/Room/models/CHs0.fbx
  artifactKey: Guid(832b6acb90e621649bd235e3afe58c71) Importer(815301076,1909f56bfc062723c751e8b465ee728b)
Start importing Assets/Room/models/CHs0.fbx using Guid(832b6acb90e621649bd235e3afe58c71) Importer(815301076,1909f56bfc062723c751e8b465ee728b)  -> (artifact id: '23c492257137304a629266dc46908d17') in 0.046188 seconds 
========================================================================
Received Import Request.
  Time since last request: 0.000028 seconds.
  path: Assets/Room/models/Materials/A01.mat
  artifactKey: Guid(c45b8d34f53ece14a8dbdaecb6f06ccb) Importer(815301076,1909f56bfc062723c751e8b465ee728b)
Start importing Assets/Room/models/Materials/A01.mat using Guid(c45b8d34f53ece14a8dbdaecb6f06ccb) Importer(815301076,1909f56bfc062723c751e8b465ee728b)  -> (artifact id: '2aada9fea36d290204eb589cc7f88da5') in 0.019815 seconds 
========================================================================
Received Import Request.
  Time since last request: 0.000032 seconds.
  path: Assets/Room/models/Materials/book.001.mat
  artifactKey: Guid(2f6fa1fb7b1bba64a88e994f73318053) Importer(815301076,1909f56bfc062723c751e8b465ee728b)
Start importing Assets/Room/models/Materials/book.001.mat using Guid(2f6fa1fb7b1bba64a88e994f73318053) Importer(815301076,1909f56bfc062723c751e8b465ee728b)  -> (artifact id: '1af8713d84a35738ba3616ee7658944d') in 0.024051 seconds 
========================================================================
Received Import Request.
  Time since last request: 0.000017 seconds.
  path: Assets/Room/models/Materials/border.000.mat
  artifactKey: Guid(bc6c215b29b47a442bac68c7ac62f85b) Importer(815301076,1909f56bfc062723c751e8b465ee728b)
Start importing Assets/Room/models/Materials/border.000.mat using Guid(bc6c215b29b47a442bac68c7ac62f85b) Importer(815301076,1909f56bfc062723c751e8b465ee728b)  -> (artifact id: '23692bc7066a10c3a0ff503a90f086e7') in 0.021469 seconds 
========================================================================
Received Import Request.
  Time since last request: 0.000022 seconds.
  path: Assets/Room/models/Materials/booksonthecase.002.mat
  artifactKey: Guid(b891e7ffaf050934cb58b1dcf8314295) Importer(815301076,1909f56bfc062723c751e8b465ee728b)
Start importing Assets/Room/models/Materials/booksonthecase.002.mat using Guid(b891e7ffaf050934cb58b1dcf8314295) Importer(815301076,1909f56bfc062723c751e8b465ee728b)  -> (artifact id: '986b9c412a7bec28a826dab48d8a5dfc') in 0.019144 seconds 
========================================================================
Received Import Request.
  Time since last request: 0.000031 seconds.
  path: Assets/Room/models/Materials/bookcasewood.007.mat
  artifactKey: Guid(fef95fe0131c5cc46bcf8b70697ff31f) Importer(815301076,1909f56bfc062723c751e8b465ee728b)
Start importing Assets/Room/models/Materials/bookcasewood.007.mat using Guid(fef95fe0131c5cc46bcf8b70697ff31f) Importer(815301076,1909f56bfc062723c751e8b465ee728b)  -> (artifact id: '9fbaf16a710eb0c403894817cd3cf587') in 0.022202 seconds 
========================================================================
Received Import Request.
  Time since last request: 0.000027 seconds.
  path: Assets/Room/models/chandiler.fbx
  artifactKey: Guid(39e174bc5459ec44f9f5e732a11cd5b6) Importer(815301076,1909f56bfc062723c751e8b465ee728b)
Start importing Assets/Room/models/chandiler.fbx using Guid(39e174bc5459ec44f9f5e732a11cd5b6) Importer(815301076,1909f56bfc062723c751e8b465ee728b)  -> (artifact id: 'b7ecbba622265dad169795631aa28d22') in 0.077958 seconds 
========================================================================
Received Prepare
Registering precompiled user dll's ...
Registered in 0.002406 seconds.
Begin MonoManager ReloadAssembly
Symbol file LoadedFromMemory doesn't match image E:\CyberMaze\Unity\Projects\Project1\Library\PackageCache\com.unity.visualscripting@1.8.0\Editor\VisualScripting.Core\Dependencies\YamlDotNet\Unity.VisualScripting.YamlDotNet.dll
Symbol file LoadedFromMemory doesn't match image E:\CyberMaze\Unity\Projects\Project1\Library\PackageCache\com.unity.visualscripting@1.8.0\Editor\VisualScripting.Core\Dependencies\DotNetZip\Unity.VisualScripting.IonicZip.dll
Native extension for WindowsStandalone target not found
Native extension for WebGL target not found
Refreshing native plugins compatible for Editor in 0.70 ms, found 3 plugins.
Preloading 0 native plugins for Editor in 0.00 ms.
Mono: successfully reloaded assembly
- Completed reload, in  1.065 seconds
Domain Reload Profiling:
	ReloadAssembly (1066ms)
		BeginReloadAssembly (139ms)
			ExecutionOrderSort (0ms)
			DisableScriptedObjects (3ms)
			BackupInstance (0ms)
			ReleaseScriptingObjects (0ms)
			CreateAndSetChildDomain (41ms)
		EndReloadAssembly (827ms)
			LoadAssemblies (83ms)
			RebuildTransferFunctionScriptingTraits (0ms)
			SetupTypeCache (337ms)
			ReleaseScriptCaches (2ms)
			RebuildScriptCaches (43ms)
			SetupLoadedEditorAssemblies (328ms)
				LogAssemblyErrors (0ms)
				InitializePlatformSupportModulesInManaged (6ms)
				SetLoadedEditorAssemblies (1ms)
				RefreshPlugins (1ms)
				BeforeProcessingInitializeOnLoad (68ms)
				ProcessInitializeOnLoadAttributes (230ms)
				ProcessInitializeOnLoadMethodAttributes (20ms)
				AfterProcessingInitializeOnLoad (2ms)
				EditorAssembliesLoaded (0ms)
			ExecutionOrderSort2 (0ms)
			AwakeInstancesAfterBackupRestoration (7ms)
Platform modules already initialized, skipping
Refreshing native plugins compatible for Editor in 1.49 ms, found 3 plugins.
Preloading 0 native plugins for Editor in 0.00 ms.
Unloading 3043 Unused Serialized files (Serialized files now loaded: 0)
Unloading 17 unused Assets / (80.2 KB). Loaded Objects now: 3556.
Memory consumption went from 112.6 MB to 112.5 MB.
Total: 6.190100 ms (FindLiveObjects: 0.389800 ms CreateObjectMapping: 0.423900 ms MarkObjects: 5.080100 ms  DeleteObjects: 0.291600 ms)

AssetImportParameters requested are different than current active one (requested -> active):
  custom:video-decoder-ogg-theora: a1e56fd34408186e4bbccfd4996cb3dc -> 
  custom:container-muxer-webm: aa71ff27fc2769a1b78a27578f13a17b -> 
  custom:container-demuxer-webm: 4f35f7cbe854078d1ac9338744f61a02 -> 
  custom:video-encoder-webm-vp8: eb34c28f22e8b96e1ab97ce403110664 -> 
  custom:video-codec-MediaFoundation-h265: 746d11721c4dcdbdad8f713fa42b33f4 -> 
  custom:audio-encoder-webm-vorbis: bf7c407c2cedff20999df2af8eb42d56 -> 
  custom:framework-win-MediaFoundation: 216162199b28c13a410421893ffa2e32 -> 
  custom:container-demuxer-ogg: 62fdf1f143b41e24485cea50d1cbac27 -> 
  custom:video-decoder-webm-vp8: 9c59270c3fd7afecdb556c50c9e8de78 -> 
  custom:audio-decoder-ogg-vorbis: bf7c407c2cedff20999df2af8eb42d56 -> 
========================================================================
Received Import Request.
  Time since last request: 26.995388 seconds.
  path: Assets/Room/models/Materials/border.001.mat
  artifactKey: Guid(088fbc587643d6942adfcecaa655c611) Importer(815301076,1909f56bfc062723c751e8b465ee728b)
Start importing Assets/Room/models/Materials/border.001.mat using Guid(088fbc587643d6942adfcecaa655c611) Importer(815301076,1909f56bfc062723c751e8b465ee728b)  -> (artifact id: 'ea9d1281cfbbae61b7fae3fd0131c33e') in 0.124650 seconds 
========================================================================
Received Import Request.
  Time since last request: 0.000034 seconds.
  path: Assets/Room/Materials/Cb.mat
  artifactKey: Guid(e15b217798edf31438aa89a657069520) Importer(815301076,1909f56bfc062723c751e8b465ee728b)
Start importing Assets/Room/Materials/Cb.mat using Guid(e15b217798edf31438aa89a657069520) Importer(815301076,1909f56bfc062723c751e8b465ee728b)  -> (artifact id: 'a59226815ec5cb3334df70d30bc14393') in 0.019862 seconds 
========================================================================
Received Import Request.
  Time since last request: 0.000050 seconds.
  path: Assets/Room/Materials/Concrete wall smooth pillar texture.mat
  artifactKey: Guid(d8e93e93675e6054ba325475d626aaca) Importer(815301076,1909f56bfc062723c751e8b465ee728b)
Start importing Assets/Room/Materials/Concrete wall smooth pillar texture.mat using Guid(d8e93e93675e6054ba325475d626aaca) Importer(815301076,1909f56bfc062723c751e8b465ee728b)  -> (artifact id: '3fdb2760d9551b5af030177abd9afe28') in 0.018667 seconds 
========================================================================
Received Import Request.
  Time since last request: 0.000023 seconds.
  path: Assets/Room/models/Materials/candel_yelosh.001.mat
  artifactKey: Guid(ec60be75b5633914988fbe6ff201069d) Importer(815301076,1909f56bfc062723c751e8b465ee728b)
Start importing Assets/Room/models/Materials/candel_yelosh.001.mat using Guid(ec60be75b5633914988fbe6ff201069d) Importer(815301076,1909f56bfc062723c751e8b465ee728b)  -> (artifact id: '347629de6ca6556f2b39a35b3cfb898d') in 0.016336 seconds 
========================================================================
Received Import Request.
  Time since last request: 0.094323 seconds.
  path: Assets/Room/Materials/door.mat
  artifactKey: Guid(fd469ad073511c04993da31368543b44) Importer(815301076,1909f56bfc062723c751e8b465ee728b)
Start importing Assets/Room/Materials/door.mat using Guid(fd469ad073511c04993da31368543b44) Importer(815301076,1909f56bfc062723c751e8b465ee728b)  -> (artifact id: '3e5d9caeaf019ad1e662df4249b9bce6') in 0.024023 seconds 
========================================================================
Received Import Request.
  Time since last request: 0.000021 seconds.
  path: Assets/Room/Materials/door texture 3.mat
  artifactKey: Guid(0125ca191f4148048a1c1ac3f5604a7a) Importer(815301076,1909f56bfc062723c751e8b465ee728b)
Start importing Assets/Room/Materials/door texture 3.mat using Guid(0125ca191f4148048a1c1ac3f5604a7a) Importer(815301076,1909f56bfc062723c751e8b465ee728b)  -> (artifact id: '7fa33b0e2d13e189a7de78dc461e173b') in 0.024636 seconds 
========================================================================
Received Import Request.
  Time since last request: 0.000020 seconds.
  path: Assets/Room/Materials/door texture 4.mat
  artifactKey: Guid(a25d892bb22a044409043626140860f1) Importer(815301076,1909f56bfc062723c751e8b465ee728b)
Start importing Assets/Room/Materials/door texture 4.mat using Guid(a25d892bb22a044409043626140860f1) Importer(815301076,1909f56bfc062723c751e8b465ee728b)  -> (artifact id: 'd3b584c029fa22747a983e0adf279eed') in 0.018818 seconds 
========================================================================
Received Import Request.
  Time since last request: 0.000026 seconds.
  path: Assets/Room/models/Materials/door.002.mat
  artifactKey: Guid(da799801e89469c4686b8bcc1965c7f4) Importer(815301076,1909f56bfc062723c751e8b465ee728b)
Start importing Assets/Room/models/Materials/door.002.mat using Guid(da799801e89469c4686b8bcc1965c7f4) Importer(815301076,1909f56bfc062723c751e8b465ee728b)  -> (artifact id: 'f881b68029f4be70c78c98575e10ef09') in 0.018846 seconds 
========================================================================
Received Import Request.
  Time since last request: 12.145589 seconds.
  path: Assets/Scenes/SampleScene.unity
  artifactKey: Guid(9fc0d4010bbf28b4594072e72b8655ab) Importer(815301076,1909f56bfc062723c751e8b465ee728b)
Start importing Assets/Scenes/SampleScene.unity using Guid(9fc0d4010bbf28b4594072e72b8655ab) Importer(815301076,1909f56bfc062723c751e8b465ee728b)  -> (artifact id: '5a95030f4455b6cb872bc48171cdb64f') in 0.006565 seconds 
========================================================================
Received Import Request.
  Time since last request: 21.142989 seconds.
  path: Assets/Room/scenes
  artifactKey: Guid(0fb9b854d5f9870428d61d0771dea6e7) Importer(815301076,1909f56bfc062723c751e8b465ee728b)
Start importing Assets/Room/scenes using Guid(0fb9b854d5f9870428d61d0771dea6e7) Importer(815301076,1909f56bfc062723c751e8b465ee728b)  -> (artifact id: '474137e6602d5ff17cc7bc7c9717ccc5') in 0.005390 seconds 
========================================================================
Received Import Request.
  Time since last request: 1.749214 seconds.
  path: Assets/Room/scenes/the last revelation.unity
  artifactKey: Guid(fffc368ce7c545240a157d1fa3ce0e97) Importer(815301076,1909f56bfc062723c751e8b465ee728b)
Start importing Assets/Room/scenes/the last revelation.unity using Guid(fffc368ce7c545240a157d1fa3ce0e97) Importer(815301076,1909f56bfc062723c751e8b465ee728b)  -> (artifact id: '7a95a621135a43662ddaf3c5a87ab84f') in 0.008721 seconds 
